<?xml version="1.0" encoding="utf-8"?>
<test-run id="2" name="Incapsulation.Failures.exe" fullname="C:/Users/User/source/repos/IncapsulationFailures/bin/Debug/Incapsulation.Failures.exe" testcasecount="3" result="Passed" start-time="2021-09-25 10:14:03Z" end-time="2021-09-25 10:14:03Z" duration="0.096100" total="3" passed="3" failed="0" inconclusive="0" skipped="0" asserts="3" random-seed="1522140861">
  <command-line><![CDATA["C:\Users\User\source\repos\IncapsulationFailures\bin\Debug\Incapsulation.Failures.exe" ]]></command-line>
  <filter />
  <test-suite type="Assembly" id="1004" name="Incapsulation.Failures.exe" fullname="C:/Users/User/source/repos/IncapsulationFailures/bin/Debug/Incapsulation.Failures.exe" runstate="Runnable" testcasecount="3" result="Passed" start-time="2021-09-25 10:14:03Z" end-time="2021-09-25 10:14:03Z" duration="0.096100" total="3" passed="3" failed="0" warnings="0" inconclusive="0" skipped="0" asserts="3">
    <environment framework-version="3.6.0.0" clr-version="4.0.30319.42000" os-version="Microsoft Windows NT 6.1.7601 Service Pack 1" platform="Win32NT" cwd="C:\Users\User\source\repos\IncapsulationFailures\bin\Debug" machine-name="DELL" user="User" user-domain="DELL" culture="ru-RU" uiculture="ru-RU" os-architecture="x86" />
    <settings>
      <setting name="WorkDirectory" value="C:\Users\User\source\repos\IncapsulationFailures\bin\Debug" />
      <setting name="NumberOfTestWorkers" value="4" />
    </settings>
    <properties>
      <property name="_PID" value="5300" />
      <property name="_APPDOMAIN" value="Incapsulation.Failures.exe" />
    </properties>
    <test-suite type="TestSuite" id="1005" name="Incapsulation" fullname="Incapsulation" runstate="Runnable" testcasecount="3" result="Passed" start-time="2021-09-25 10:14:03Z" end-time="2021-09-25 10:14:03Z" duration="0.070033" total="3" passed="3" failed="0" warnings="0" inconclusive="0" skipped="0" asserts="3">
      <test-suite type="TestSuite" id="1006" name="Failures" fullname="Incapsulation.Failures" runstate="Runnable" testcasecount="3" result="Passed" start-time="2021-09-25 10:14:03Z" end-time="2021-09-25 10:14:03Z" duration="0.068560" total="3" passed="3" failed="0" warnings="0" inconclusive="0" skipped="0" asserts="3">
        <test-suite type="TestFixture" id="1000" name="ReportMaker_Tests" fullname="Incapsulation.Failures.ReportMaker_Tests" classname="Incapsulation.Failures.ReportMaker_Tests" runstate="Runnable" testcasecount="3" result="Passed" start-time="2021-09-25 10:14:03Z" end-time="2021-09-25 10:14:03Z" duration="0.059556" total="3" passed="3" failed="0" warnings="0" inconclusive="0" skipped="0" asserts="3">
          <test-case id="1003" name="FilterManyDevices" fullname="Incapsulation.Failures.ReportMaker_Tests.FilterManyDevices" methodname="FilterManyDevices" classname="Incapsulation.Failures.ReportMaker_Tests" runstate="Runnable" seed="575414353" result="Passed" start-time="2021-09-25 10:14:03Z" end-time="2021-09-25 10:14:03Z" duration="0.038794" asserts="1" />
          <test-case id="1002" name="FilterSingleDevice" fullname="Incapsulation.Failures.ReportMaker_Tests.FilterSingleDevice" methodname="FilterSingleDevice" classname="Incapsulation.Failures.ReportMaker_Tests" runstate="Runnable" seed="878828094" result="Passed" start-time="2021-09-25 10:14:03Z" end-time="2021-09-25 10:14:03Z" duration="0.000833" asserts="1" />
          <test-case id="1001" name="NoDevices" fullname="Incapsulation.Failures.ReportMaker_Tests.NoDevices" methodname="NoDevices" classname="Incapsulation.Failures.ReportMaker_Tests" runstate="Runnable" seed="1741364483" result="Passed" start-time="2021-09-25 10:14:03Z" end-time="2021-09-25 10:14:03Z" duration="0.001236" asserts="1" />
        </test-suite>
      </test-suite>
    </test-suite>
  </test-suite>
</test-run>